
> my-mui-lib@1.0.0 build-storybook
> storybook build --output-dir=C:\Users\ABHISH~1.GHO\AppData\Local\Temp\chromatic--86872-REAZq0hD66Tq


[90mâ”Œ[39m  Building storybook v10.2.10
[90mâ”‚[39m
[32mâ—‡[39m  Cleaning outputDir:
[90mâ”‚[39m  [36m../../../../ABHISH~1.GHO/AppData/Local/Temp/chromatic--86872-REAZq0hD66Tq[39m
[90mâ”‚[39m
[32mâ—‡[39m  Loading presets
[90mâ”‚[39m
[32mâ—‡[39m  Building manager..
[90mâ”‚[39m
[34mâ—[39m  Building preview..
[90mâ”‚[39m
[34mâ—[39m  Addon-docs: using MDX3
[90mâ”‚[39m
[34mâ—[39m  Using implicit CSS loaders
[90mâ”‚[39m
[33mâ–²[39m  Storybook support for Create React App is now a separate preset.
[90mâ”‚[39m
[33mâ–²[39m  To use the new preset, install `@storybook/preset-create-react-app`
[90mâ”‚[39m  and add it to the list of `addons` in your `.storybook/main.js` config
[90mâ”‚[39m  file.
[90mâ”‚[39m
[33mâ–²[39m  The built-in preset has been disabled in Storybook 6.0.
[90mâ”‚[39m
[34mâ—[39m  Using default Webpack5 setup
[90mâ”‚[39m
[33mâ–²[39m  asset size limit: The following asset(s) exceed the recommended size
[90mâ”‚[39m  limit (244 KiB).
[90mâ”‚[39m  This can impact web performance.
[90mâ”‚[39m  Assets:
[90mâ”‚[39m  980.1dacd586.iframe.bundle.js (1.03 MiB)
[90mâ”‚[39m  946.cf26c781.iframe.bundle.js (564 KiB)
[90mâ”‚[39m
[33mâ–²[39m  entrypoint size limit: The following entrypoint(s) combined asset size
[90mâ”‚[39m  exceeds the recommended limit (244 KiB). This can impact web
[90mâ”‚[39m  performance.
[90mâ”‚[39m  Entrypoints:
[90mâ”‚[39m  main (575 KiB)
[90mâ”‚[39m  runtime~main.c0541aea.iframe.bundle.js
[90mâ”‚[39m  946.cf26c781.iframe.bundle.js
[90mâ”‚[39m  main.733a406f.iframe.bundle.js

[90mâ”‚[39m
[32mâ—‡[39m  Output directory:
[90mâ”‚[39m  C:/Users/ABHISH~1.GHO/AppData/Local/Temp/chromatic--86872-REAZq0hD66Tq
[90mâ”‚[39m
[90mâ””[39m  Storybook build completed successfully

